Determining if the pthread_create exist failed with the following output:
Change Dir: /home/aimm/gproject/build/CMakeFiles/CMakeTmp

Run Build Command:/usr/bin/make "cmTryCompileExec4024625030/fast"
/usr/bin/make -f CMakeFiles/cmTryCompileExec4024625030.dir/build.make CMakeFiles/cmTryCompileExec4024625030.dir/build
make[1]: Entering directory `/home/aimm/gproject/build/CMakeFiles/CMakeTmp'
/usr/bin/cmake -E cmake_progress_report /home/aimm/gproject/build/CMakeFiles/CMakeTmp/CMakeFiles 1
Building C object CMakeFiles/cmTryCompileExec4024625030.dir/CheckSymbolExists.c.o
/usr/bin/cc    -o CMakeFiles/cmTryCompileExec4024625030.dir/CheckSymbolExists.c.o   -c /home/aimm/gproject/build/CMakeFiles/CMakeTmp/CheckSymbolExists.c
Linking C executable cmTryCompileExec4024625030
/usr/bin/cmake -E cmake_link_script CMakeFiles/cmTryCompileExec4024625030.dir/link.txt --verbose=1
/usr/bin/cc       CMakeFiles/cmTryCompileExec4024625030.dir/CheckSymbolExists.c.o  -o cmTryCompileExec4024625030 -rdynamic 
CMakeFiles/cmTryCompileExec4024625030.dir/CheckSymbolExists.c.o: In function `main':
CheckSymbolExists.c:(.text+0x16): undefined reference to `pthread_create'
collect2: error: ld returned 1 exit status
make[1]: *** [cmTryCompileExec4024625030] Error 1
make[1]: Leaving directory `/home/aimm/gproject/build/CMakeFiles/CMakeTmp'
make: *** [cmTryCompileExec4024625030/fast] Error 2

File /home/aimm/gproject/build/CMakeFiles/CMakeTmp/CheckSymbolExists.c:
/* */
#include <pthread.h>

int main(int argc, char** argv)
{
  (void)argv;
#ifndef pthread_create
  return ((int*)(&pthread_create))[argc];
#else
  (void)argc;
  return 0;
#endif
}

Determining if the function pthread_create exists in the pthreads failed with the following output:
Change Dir: /home/aimm/gproject/build/CMakeFiles/CMakeTmp

Run Build Command:/usr/bin/make "cmTryCompileExec1140943277/fast"
/usr/bin/make -f CMakeFiles/cmTryCompileExec1140943277.dir/build.make CMakeFiles/cmTryCompileExec1140943277.dir/build
make[1]: Entering directory `/home/aimm/gproject/build/CMakeFiles/CMakeTmp'
/usr/bin/cmake -E cmake_progress_report /home/aimm/gproject/build/CMakeFiles/CMakeTmp/CMakeFiles 1
Building C object CMakeFiles/cmTryCompileExec1140943277.dir/CheckFunctionExists.c.o
/usr/bin/cc   -DCHECK_FUNCTION_EXISTS=pthread_create   -o CMakeFiles/cmTryCompileExec1140943277.dir/CheckFunctionExists.c.o   -c /usr/share/cmake-2.8/Modules/CheckFunctionExists.c
Linking C executable cmTryCompileExec1140943277
/usr/bin/cmake -E cmake_link_script CMakeFiles/cmTryCompileExec1140943277.dir/link.txt --verbose=1
/usr/bin/cc   -DCHECK_FUNCTION_EXISTS=pthread_create    CMakeFiles/cmTryCompileExec1140943277.dir/CheckFunctionExists.c.o  -o cmTryCompileExec1140943277 -rdynamic -lpthreads 
/usr/bin/ld: cannot find -lpthreads
collect2: error: ld returned 1 exit status
make[1]: *** [cmTryCompileExec1140943277] Error 1
make[1]: Leaving directory `/home/aimm/gproject/build/CMakeFiles/CMakeTmp'
make: *** [cmTryCompileExec1140943277/fast] Error 2


